<?xml version="1.0" encoding="UTF-8"?>
<!-- Generated by org.testng.reporters.JUnitReportReporter -->
<testsuite hostname="DESKTOP-N995C3G" failures="0" tests="1" name="testSpiceJet.TC_05_SearchFlight_RoundTrip" time="20.237" errors="0" timestamp="2023-06-06T19:07:28 IST" skipped="0">
  <testcase classname="testSpiceJet.TC_05_SearchFlight_RoundTrip" name="tc_05_SearchFlight_RoundTrip" time="20.237"/>
  <system-out/>
</testsuite> <!-- testSpiceJet.TC_05_SearchFlight_RoundTrip -->
