<?xml version="1.0" encoding="UTF-8"?>
<!-- Generated by org.testng.reporters.JUnitReportReporter -->
<testsuite hostname="DESKTOP-N995C3G" failures="0" tests="4" name="testSpiceJet.TC_04_LoginFunctionality" time="55.889" errors="0" timestamp="2023-06-06T17:03:21 IST" skipped="0">
  <testcase classname="testSpiceJet.TC_04_LoginFunctionality" name="tc_04_LoginFunctionality" time="12.810"/>
  <system-out/>
  <testcase classname="testSpiceJet.TC_04_LoginFunctionality" name="tc_04_LoginFunctionality" time="15.442"/>
  <system-out/>
  <testcase classname="testSpiceJet.TC_04_LoginFunctionality" name="tc_04_LoginFunctionality" time="13.967"/>
  <system-out/>
  <testcase classname="testSpiceJet.TC_04_LoginFunctionality" name="tc_04_LoginFunctionality" time="13.670"/>
  <system-out/>
</testsuite> <!-- testSpiceJet.TC_04_LoginFunctionality -->
