<?xml version="1.0" encoding="UTF-8"?>
<!-- Generated by org.testng.reporters.JUnitReportReporter -->
<testsuite hostname="DESKTOP-N995C3G" failures="0" tests="1" name="testSpiceJet.TC_05_SearchFlight_Oneway" time="19.957" errors="0" timestamp="2023-06-06T18:49:49 IST" skipped="0">
  <testcase classname="testSpiceJet.TC_05_SearchFlight_Oneway" name="tc_05_SearchFlight_Oneway" time="19.957"/>
  <system-out/>
</testsuite> <!-- testSpiceJet.TC_05_SearchFlight_Oneway -->
