<?xml version="1.0" encoding="UTF-8"?>
<!-- Generated by org.testng.reporters.JUnitReportReporter -->
<testsuite hostname="DESKTOP-N995C3G" failures="0" tests="1" name="testSpiceJet.TC_02_NavigateToSpiceJet" time="60.552" errors="0" timestamp="2023-09-05T17:31:19 IST" skipped="0">
  <testcase classname="testSpiceJet.TC_02_NavigateToSpiceJet" name="tc_02_NavigatingToSpiceJet" time="60.552"/>
  <system-out/>
</testsuite> <!-- testSpiceJet.TC_02_NavigateToSpiceJet -->
