<?xml version="1.0" encoding="UTF-8"?>
<!-- Generated by org.testng.reporters.JUnitReportReporter -->
<testsuite hostname="DESKTOP-N995C3G" failures="0" tests="1" name="testSpiceJet.TC_07_FillingPassengerAndPaymentInfo" time="41.977" errors="0" timestamp="2023-09-05T18:20:36 IST" skipped="0">
  <testcase classname="testSpiceJet.TC_07_FillingPassengerAndPaymentInfo" name="tc_07_FillingPassengerAndPaymentInfo" time="41.977"/>
  <system-out/>
</testsuite> <!-- testSpiceJet.TC_07_FillingPassengerAndPaymentInfo -->
