<?xml version="1.0" encoding="UTF-8"?>
<!-- Generated by org.testng.reporters.JUnitReportReporter -->
<testsuite hostname="DESKTOP-N995C3G" failures="0" tests="3" name="testSpiceJet.TC_09_ValidateFieldsPresentInBookingPage" time="35.981" errors="0" timestamp="2023-06-06T17:03:21 IST" skipped="0">
  <testcase classname="testSpiceJet.TC_09_ValidateFieldsPresentInBookingPage" name="tc_09_ValidateCheckIn" time="11.260"/>
  <system-out/>
  <testcase classname="testSpiceJet.TC_09_ValidateFieldsPresentInBookingPage" name="tc_09_ValidateFlightStatus" time="13.584"/>
  <system-out/>
  <testcase classname="testSpiceJet.TC_09_ValidateFieldsPresentInBookingPage" name="tc_09_ValidateManageBooking" time="11.137"/>
  <system-out/>
</testsuite> <!-- testSpiceJet.TC_09_ValidateFieldsPresentInBookingPage -->
