<?xml version="1.0" encoding="UTF-8"?>
<!-- Generated by org.testng.reporters.JUnitReportReporter -->
<testsuite hostname="DESKTOP-N995C3G" failures="0" tests="1" name="testSpiceJet.TC_08_verifyFlightBookingConfirmation" time="45.953" errors="0" timestamp="2023-09-05T18:22:14 IST" skipped="0">
  <testcase classname="testSpiceJet.TC_08_verifyFlightBookingConfirmation" name="tc_08_verifyFlightBookingConfirmation" time="45.953"/>
  <system-out/>
</testsuite> <!-- testSpiceJet.TC_08_verifyFlightBookingConfirmation -->
