<?xml version="1.0" encoding="UTF-8"?>
<!-- Generated by org.testng.reporters.JUnitReportReporter -->
<testsuite hostname="DESKTOP-N995C3G" failures="0" tests="3" name="testSpiceJet.TC_09_ValidateFieldsPresentInBookingPage" time="55.322" errors="0" timestamp="2023-06-02T20:38:15 IST" skipped="0">
  <testcase classname="testSpiceJet.TC_09_ValidateFieldsPresentInBookingPage" name="tc_09_ValidateCheckIn" time="17.347"/>
  <system-out/>
  <testcase classname="testSpiceJet.TC_09_ValidateFieldsPresentInBookingPage" name="tc_09_ValidateManageBooking" time="18.090"/>
  <system-out/>
  <testcase classname="testSpiceJet.TC_09_ValidateFieldsPresentInBookingPage" name="tc_09_ValidateFlightStatus" time="19.885"/>
  <system-out/>
</testsuite> <!-- testSpiceJet.TC_09_ValidateFieldsPresentInBookingPage -->
