<?xml version="1.0" encoding="UTF-8"?>
<!-- Generated by org.testng.reporters.JUnitReportReporter -->
<testsuite hostname="DESKTOP-N995C3G" failures="0" tests="1" name="testSpiceJet.TC_05_SearchFlight_RoundTrip" time="41.883" errors="0" timestamp="2023-06-06T18:49:48 IST" skipped="0">
  <testcase classname="testSpiceJet.TC_05_SearchFlight_RoundTrip" name="tc_05_SearchFlight_RoundTrip" time="41.883"/>
  <system-out/>
</testsuite> <!-- testSpiceJet.TC_05_SearchFlight_RoundTrip -->
