<?xml version="1.0" encoding="UTF-8"?>
<!-- Generated by org.testng.reporters.JUnitReportReporter -->
<testsuite hostname="DESKTOP-N995C3G" failures="0" tests="4" name="testSpiceJet.TC_04_LoginFunctionality" time="103.758" errors="0" timestamp="2023-06-03T16:01:33 IST" skipped="0">
  <testcase classname="testSpiceJet.TC_04_LoginFunctionality" name="tc_04_LoginFunctionality" time="15.622"/>
  <system-out/>
  <testcase classname="testSpiceJet.TC_04_LoginFunctionality" name="tc_04_LoginFunctionality" time="59.814"/>
  <system-out/>
  <testcase classname="testSpiceJet.TC_04_LoginFunctionality" name="tc_04_LoginFunctionality" time="13.519"/>
  <system-out/>
  <testcase classname="testSpiceJet.TC_04_LoginFunctionality" name="tc_04_LoginFunctionality" time="14.803"/>
  <system-out/>
</testsuite> <!-- testSpiceJet.TC_04_LoginFunctionality -->
