<?xml version="1.0" encoding="UTF-8"?>
<!-- Generated by org.testng.reporters.JUnitReportReporter -->
<testsuite hostname="DESKTOP-N995C3G" failures="0" tests="1" name="testSpiceJet.TC_06_SelectFlight" time="27.668" errors="0" timestamp="2023-09-05T18:16:20 IST" skipped="0">
  <testcase classname="testSpiceJet.TC_06_SelectFlight" name="tc_06_SelectFlight" time="27.668"/>
  <system-out/>
</testsuite> <!-- testSpiceJet.TC_06_SelectFlight -->
