<?xml version="1.0" encoding="UTF-8"?>
<!-- Generated by org.testng.reporters.JUnitReportReporter -->
<testsuite hostname="DESKTOP-N995C3G" failures="0" tests="4" name="testSpiceJet.TC_04_LoginFunctionality" time="61.041" errors="0" timestamp="2023-06-06T18:54:55 IST" skipped="0">
  <testcase classname="testSpiceJet.TC_04_LoginFunctionality" name="tc_04_LoginFunctionality" time="14.681"/>
  <system-out/>
  <testcase classname="testSpiceJet.TC_04_LoginFunctionality" name="tc_04_LoginFunctionality" time="14.723"/>
  <system-out/>
  <testcase classname="testSpiceJet.TC_04_LoginFunctionality" name="tc_04_LoginFunctionality" time="15.754"/>
  <system-out/>
  <testcase classname="testSpiceJet.TC_04_LoginFunctionality" name="tc_04_LoginFunctionality" time="15.883"/>
  <system-out/>
</testsuite> <!-- testSpiceJet.TC_04_LoginFunctionality -->
