<?xml version="1.0" encoding="UTF-8"?>
<!-- Generated by org.testng.reporters.JUnitReportReporter -->
<testsuite hostname="DESKTOP-N995C3G" failures="0" tests="1" name="testSpiceJet.TC_05_SearchFlight_RoundTrip" time="21.545" errors="0" timestamp="2023-06-01T23:55:14 IST" skipped="0">
  <testcase classname="testSpiceJet.TC_05_SearchFlight_RoundTrip" name="tc_05_SearchFlight_RoundTrip" time="21.545"/>
  <system-out/>
</testsuite> <!-- testSpiceJet.TC_05_SearchFlight_RoundTrip -->
