<?xml version="1.0" encoding="UTF-8"?>
<!-- Generated by org.testng.reporters.JUnitReportReporter -->
<testsuite hostname="DESKTOP-N995C3G" failures="0" tests="1" name="testSpiceJet.TC_06_SelectFlight" time="26.116" errors="0" timestamp="2023-06-06T18:49:49 IST" skipped="0">
  <testcase classname="testSpiceJet.TC_06_SelectFlight" name="tc_06_SelectFlight" time="26.116"/>
  <system-out/>
</testsuite> <!-- testSpiceJet.TC_06_SelectFlight -->
