<?xml version="1.0" encoding="UTF-8"?>
<!-- Generated by org.testng.reporters.JUnitReportReporter -->
<testsuite hostname="DESKTOP-N995C3G" failures="0" tests="1" name="testSpiceJet.TC_05_SearchFlight_Oneway" time="21.422" errors="0" timestamp="2023-09-05T18:14:38 IST" skipped="0">
  <testcase classname="testSpiceJet.TC_05_SearchFlight_Oneway" name="tc_05_SearchFlight_Oneway" time="21.422"/>
  <system-out/>
</testsuite> <!-- testSpiceJet.TC_05_SearchFlight_Oneway -->
