<?xml version="1.0" encoding="UTF-8"?>
<!-- Generated by org.testng.reporters.JUnitReportReporter -->
<testsuite hostname="DESKTOP-N995C3G" failures="0" tests="1" name="testSpiceJet.TC_02_NavigateToSpiceJet" time="10.461" errors="0" timestamp="2023-06-06T17:03:21 IST" skipped="0">
  <testcase classname="testSpiceJet.TC_02_NavigateToSpiceJet" name="tc_02_NavigatingToSpiceJet" time="10.461"/>
  <system-out/>
</testsuite> <!-- testSpiceJet.TC_02_NavigateToSpiceJet -->
