<?xml version="1.0" encoding="UTF-8"?>
<!-- Generated by org.testng.reporters.JUnitReportReporter -->
<testsuite hostname="DESKTOP-N995C3G" failures="0" tests="1" name="testSpiceJet.TC_08_verifyFlightBookingConfirmation" time="56.174" errors="0" timestamp="2023-06-02T18:37:33 IST" skipped="0">
  <testcase classname="testSpiceJet.TC_08_verifyFlightBookingConfirmation" name="tc_08_verifyFlightBookingConfirmation" time="56.174"/>
  <system-out/>
</testsuite> <!-- testSpiceJet.TC_08_verifyFlightBookingConfirmation -->
