<?xml version="1.0" encoding="UTF-8"?>
<!-- Generated by org.testng.reporters.JUnitReportReporter -->
<testsuite hostname="DESKTOP-N995C3G" failures="0" tests="1" name="testSpiceJet.Login" time="14.447" errors="0" timestamp="2023-06-03T15:41:15 IST" skipped="0">
  <testcase classname="testSpiceJet.Login" name="loginCheck" time="14.447"/>
  <system-out/>
</testsuite> <!-- testSpiceJet.Login -->
